# JRE version: OpenJDK Runtime Environment (8.0_212-b04) (build 1.8.0_212-release-1586-b04)
# Java VM: OpenJDK 64-Bit Server VM (25.212-b04 mixed mode windows-amd64 compressed oops)
Heap:
 PSYoungGen      total 489984K, used 107068K [0x00000000e0000000, 0x0000000100000000, 0x0000000100000000)
  eden space 456704K, 21% used [0x00000000e0000000,0x00000000e5f6b518,0x00000000fbe00000)
  from space 33280K, 28% used [0x00000000fdd80000,0x00000000fe6a3d18,0x00000000ffe00000)
  to   space 32256K, 0% used [0x00000000fbe00000,0x00000000fbe00000,0x00000000fdd80000)
 ParOldGen       total 230400K, used 186659K [0x00000000a0000000, 0x00000000ae100000, 0x00000000e0000000)
  object space 230400K, 81% used [0x00000000a0000000,0x00000000ab648c18,0x00000000ae100000)
 Metaspace       used 83098K, capacity 88302K, committed 88448K, reserved 1126400K
  class space    used 11051K, capacity 12046K, committed 12160K, reserved 1048576K
GC Heap History (10 events):
Event: 26.382 GC heap before
{Heap before GC invocations=23 (full 3):
 PSYoungGen      total 473600K, used 447828K [0x00000000e0000000, 0x0000000100000000, 0x0000000100000000)
  eden space 440320K, 100% used [0x00000000e0000000,0x00000000fae00000,0x00000000fae00000)
  from space 33280K, 22% used [0x00000000fae00000,0x00000000fb5553c8,0x00000000fce80000)
  to   space 33280K, 0% used [0x00000000fdf80000,0x00000000fdf80000,0x0000000100000000)
 ParOldGen       total 230400K, used 143790K [0x00000000a0000000, 0x00000000ae100000, 0x00000000e0000000)
  object space 230400K, 62% used [0x00000000a0000000,0x00000000a8c6bab8,0x00000000ae100000)
 Metaspace       used 82826K, capacity 88012K, committed 88192K, reserved 1126400K
  class space    used 11043K, capacity 12045K, committed 12160K, reserved 1048576K
Event: 26.434 GC heap after
Heap after GC invocations=23 (full 3):
 PSYoungGen      total 491008K, used 7042K [0x00000000e0000000, 0x0000000100000000, 0x0000000100000000)
  eden space 457728K, 0% used [0x00000000e0000000,0x00000000e0000000,0x00000000fbf00000)
  from space 33280K, 21% used [0x00000000fdf80000,0x00000000fe660b30,0x0000000100000000)
  to   space 33280K, 0% used [0x00000000fbf00000,0x00000000fbf00000,0x00000000fdf80000)
 ParOldGen       total 230400K, used 150525K [0x00000000a0000000, 0x00000000ae100000, 0x00000000e0000000)
  object space 230400K, 65% used [0x00000000a0000000,0x00000000a92ff588,0x00000000ae100000)
 Metaspace       used 82826K, capacity 88012K, committed 88192K, reserved 1126400K
  class space    used 11043K, capacity 12045K, committed 12160K, reserved 1048576K
}
Event: 27.078 GC heap before
{Heap before GC invocations=24 (full 3):
 PSYoungGen      total 491008K, used 464770K [0x00000000e0000000, 0x0000000100000000, 0x0000000100000000)
  eden space 457728K, 100% used [0x00000000e0000000,0x00000000fbf00000,0x00000000fbf00000)
  from space 33280K, 21% used [0x00000000fdf80000,0x00000000fe660b30,0x0000000100000000)
  to   space 33280K, 0% used [0x00000000fbf00000,0x00000000fbf00000,0x00000000fdf80000)
 ParOldGen       total 230400K, used 150525K [0x00000000a0000000, 0x00000000ae100000, 0x00000000e0000000)
  object space 230400K, 65% used [0x00000000a0000000,0x00000000a92ff588,0x00000000ae100000)
 Metaspace       used 82861K, capacity 88028K, committed 88192K, reserved 1126400K
  class space    used 11043K, capacity 12045K, committed 12160K, reserved 1048576K
Event: 27.096 GC heap after
Heap after GC invocations=24 (full 3):
 PSYoungGen      total 481280K, used 23067K [0x00000000e0000000, 0x0000000100000000, 0x0000000100000000)
  eden space 457728K, 0% used [0x00000000e0000000,0x00000000e0000000,0x00000000fbf00000)
  from space 23552K, 97% used [0x00000000fbf00000,0x00000000fd586fa8,0x00000000fd600000)
  to   space 34304K, 0% used [0x00000000fde80000,0x00000000fde80000,0x0000000100000000)
 ParOldGen       total 230400K, used 156460K [0x00000000a0000000, 0x00000000ae100000, 0x00000000e0000000)
  object space 230400K, 67% used [0x00000000a0000000,0x00000000a98cb148,0x00000000ae100000)
 Metaspace       used 82861K, capacity 88028K, committed 88192K, reserved 1126400K
  class space    used 11043K, capacity 12045K, committed 12160K, reserved 1048576K
}
Event: 27.893 GC heap before
{Heap before GC invocations=25 (full 3):
 PSYoungGen      total 481280K, used 480795K [0x00000000e0000000, 0x0000000100000000, 0x0000000100000000)
  eden space 457728K, 100% used [0x00000000e0000000,0x00000000fbf00000,0x00000000fbf00000)
  from space 23552K, 97% used [0x00000000fbf00000,0x00000000fd586fa8,0x00000000fd600000)
  to   space 34304K, 0% used [0x00000000fde80000,0x00000000fde80000,0x0000000100000000)
 ParOldGen       total 230400K, used 156460K [0x00000000a0000000, 0x00000000ae100000, 0x00000000e0000000)
  object space 230400K, 67% used [0x00000000a0000000,0x00000000a98cb148,0x00000000ae100000)
 Metaspace       used 82911K, capacity 88100K, committed 88448K, reserved 1126400K
  class space    used 11043K, capacity 12045K, committed 12160K, reserved 1048576K
Event: 27.915 GC heap after
Heap after GC invocations=25 (full 3):
 PSYoungGen      total 489984K, used 6144K [0x00000000e0000000, 0x0000000100000000, 0x0000000100000000)
  eden space 455680K, 0% used [0x00000000e0000000,0x00000000e0000000,0x00000000fbd00000)
  from space 34304K, 17% used [0x00000000fde80000,0x00000000fe480010,0x0000000100000000)
  to   space 34304K, 0% used [0x00000000fbd00000,0x00000000fbd00000,0x00000000fde80000)
 ParOldGen       total 230400K, used 176945K [0x00000000a0000000, 0x00000000ae100000, 0x00000000e0000000)
  object space 230400K, 76% used [0x00000000a0000000,0x00000000aaccc768,0x00000000ae100000)
 Metaspace       used 82911K, capacity 88100K, committed 88448K, reserved 1126400K
  class space    used 11043K, capacity 12045K, committed 12160K, reserved 1048576K
}
Event: 28.609 GC heap before
{Heap before GC invocations=26 (full 3):
 PSYoungGen      total 489984K, used 461824K [0x00000000e0000000, 0x0000000100000000, 0x0000000100000000)
  eden space 455680K, 100% used [0x00000000e0000000,0x00000000fbd00000,0x00000000fbd00000)
  from space 34304K, 17% used [0x00000000fde80000,0x00000000fe480010,0x0000000100000000)
  to   space 34304K, 0% used [0x00000000fbd00000,0x00000000fbd00000,0x00000000fde80000)
 ParOldGen       total 230400K, used 176945K [0x00000000a0000000, 0x00000000ae100000, 0x00000000e0000000)
  object space 230400K, 76% used [0x00000000a0000000,0x00000000aaccc768,0x00000000ae100000)
 Metaspace       used 82948K, capacity 88170K, committed 88448K, reserved 1126400K
  class space    used 11045K, capacity 12046K, committed 12160K, reserved 1048576K
Event: 28.635 GC heap after
Heap after GC invocations=26 (full 3):
 PSYoungGen      total 463872K, used 8118K [0x00000000e0000000, 0x00000000ffe00000, 0x0000000100000000)
  eden space 455680K, 0% used [0x00000000e0000000,0x00000000e0000000,0x00000000fbd00000)
  from space 8192K, 99% used [0x00000000fbd00000,0x00000000fc4edb20,0x00000000fc500000)
  to   space 33280K, 0% used [0x00000000fdd80000,0x00000000fdd80000,0x00000000ffe00000)
 ParOldGen       total 230400K, used 181607K [0x00000000a0000000, 0x00000000ae100000, 0x00000000e0000000)
  object space 230400K, 78% used [0x00000000a0000000,0x00000000ab159cf0,0x00000000ae100000)
 Metaspace       used 82948K, capacity 88170K, committed 88448K, reserved 1126400K
  class space    used 11045K, capacity 12046K, committed 12160K, reserved 1048576K
}
Event: 29.241 GC heap before
{Heap before GC invocations=27 (full 3):
 PSYoungGen      total 463872K, used 463798K [0x00000000e0000000, 0x00000000ffe00000, 0x0000000100000000)
  eden space 455680K, 100% used [0x00000000e0000000,0x00000000fbd00000,0x00000000fbd00000)
  from space 8192K, 99% used [0x00000000fbd00000,0x00000000fc4edb20,0x00000000fc500000)
  to   space 33280K, 0% used [0x00000000fdd80000,0x00000000fdd80000,0x00000000ffe00000)
 ParOldGen       total 230400K, used 181680K [0x00000000a0000000, 0x00000000ae100000, 0x00000000e0000000)
  object space 230400K, 78% used [0x00000000a0000000,0x00000000ab16c228,0x00000000ae100000)
 Metaspace       used 83094K, capacity 88302K, committed 88448K, reserved 1126400K
  class space    used 11050K, capacity 12046K, committed 12160K, reserved 1048576K
Event: 29.253 GC heap after
Heap after GC invocations=27 (full 3):
 PSYoungGen      total 489984K, used 9359K [0x00000000e0000000, 0x0000000100000000, 0x0000000100000000)
  eden space 456704K, 0% used [0x00000000e0000000,0x00000000e0000000,0x00000000fbe00000)
  from space 33280K, 28% used [0x00000000fdd80000,0x00000000fe6a3d18,0x00000000ffe00000)
  to   space 32256K, 0% used [0x00000000fbe00000,0x00000000fbe00000,0x00000000fdd80000)
 ParOldGen       total 230400K, used 186659K [0x00000000a0000000, 0x00000000ae100000, 0x00000000e0000000)
  object space 230400K, 81% used [0x00000000a0000000,0x00000000ab648c18,0x00000000ae100000)
 Metaspace       used 83094K, capacity 88302K, committed 88448K, reserved 1126400K
  class space    used 11050K, capacity 12046K, committed 12160K, reserved 1048576K
}

