# JRE version: OpenJDK Runtime Environment (8.0_212-b04) (build 1.8.0_212-release-1586-b04)
# Java VM: OpenJDK 64-Bit Server VM (25.212-b04 mixed mode windows-amd64 compressed oops)
Heap:
 PSYoungGen      total 170496K, used 91773K [0x00000000e0000000, 0x00000000eb900000, 0x0000000100000000)
  eden space 151552K, 48% used [0x00000000e0000000,0x00000000e4724a88,0x00000000e9400000)
  from space 18944K, 99% used [0x00000000e9400000,0x00000000ea67ad28,0x00000000ea680000)
  to   space 12800K, 0% used [0x00000000eac80000,0x00000000eac80000,0x00000000eb900000)
 ParOldGen       total 272896K, used 49691K [0x00000000a0000000, 0x00000000b0a80000, 0x00000000e0000000)
  object space 272896K, 18% used [0x00000000a0000000,0x00000000a3086ff8,0x00000000b0a80000)
 Metaspace       used 64640K, capacity 67194K, committed 67480K, reserved 1107968K
  class space    used 8804K, capacity 9327K, committed 9384K, reserved 1048576K
GC Heap History (10 events):
Event: 6.092 GC heap before
{Heap before GC invocations=10 (full 2):
 PSYoungGen      total 107520K, used 107437K [0x00000000e0000000, 0x00000000e9a00000, 0x0000000100000000)
  eden space 94720K, 100% used [0x00000000e0000000,0x00000000e5c80000,0x00000000e5c80000)
  from space 12800K, 99% used [0x00000000e5c80000,0x00000000e68eb6f0,0x00000000e6900000)
  to   space 13824K, 0% used [0x00000000e8c80000,0x00000000e8c80000,0x00000000e9a00000)
 ParOldGen       total 184832K, used 17958K [0x00000000a0000000, 0x00000000ab480000, 0x00000000e0000000)
  object space 184832K, 9% used [0x00000000a0000000,0x00000000a1189ae8,0x00000000ab480000)
 Metaspace       used 51434K, capacity 52722K, committed 52904K, reserved 1095680K
  class space    used 6976K, capacity 7320K, committed 7336K, reserved 1048576K
Event: 6.107 GC heap after
Heap after GC invocations=10 (full 2):
 PSYoungGen      total 141312K, used 13801K [0x00000000e0000000, 0x00000000ea100000, 0x0000000100000000)
  eden space 127488K, 0% used [0x00000000e0000000,0x00000000e0000000,0x00000000e7c80000)
  from space 13824K, 99% used [0x00000000e8c80000,0x00000000e99fa620,0x00000000e9a00000)
  to   space 16384K, 0% used [0x00000000e7c80000,0x00000000e7c80000,0x00000000e8c80000)
 ParOldGen       total 184832K, used 20447K [0x00000000a0000000, 0x00000000ab480000, 0x00000000e0000000)
  object space 184832K, 11% used [0x00000000a0000000,0x00000000a13f7c88,0x00000000ab480000)
 Metaspace       used 51434K, capacity 52722K, committed 52904K, reserved 1095680K
  class space    used 6976K, capacity 7320K, committed 7336K, reserved 1048576K
}
Event: 7.379 GC heap before
{Heap before GC invocations=11 (full 2):
 PSYoungGen      total 141312K, used 140945K [0x00000000e0000000, 0x00000000ea100000, 0x0000000100000000)
  eden space 127488K, 99% used [0x00000000e0000000,0x00000000e7c29eb0,0x00000000e7c80000)
  from space 13824K, 99% used [0x00000000e8c80000,0x00000000e99fa620,0x00000000e9a00000)
  to   space 16384K, 0% used [0x00000000e7c80000,0x00000000e7c80000,0x00000000e8c80000)
 ParOldGen       total 184832K, used 20447K [0x00000000a0000000, 0x00000000ab480000, 0x00000000e0000000)
  object space 184832K, 11% used [0x00000000a0000000,0x00000000a13f7c88,0x00000000ab480000)
 Metaspace       used 57612K, capacity 59138K, committed 59160K, reserved 1099776K
  class space    used 7837K, capacity 8227K, committed 8232K, reserved 1048576K
Event: 7.395 GC heap after
Heap after GC invocations=11 (full 2):
 PSYoungGen      total 143872K, used 16375K [0x00000000e0000000, 0x00000000ebf80000, 0x0000000100000000)
  eden space 127488K, 0% used [0x00000000e0000000,0x00000000e0000000,0x00000000e7c80000)
  from space 16384K, 99% used [0x00000000e7c80000,0x00000000e8c7df38,0x00000000e8c80000)
  to   space 19456K, 0% used [0x00000000eac80000,0x00000000eac80000,0x00000000ebf80000)
 ParOldGen       total 184832K, used 24111K [0x00000000a0000000, 0x00000000ab480000, 0x00000000e0000000)
  object space 184832K, 13% used [0x00000000a0000000,0x00000000a178bc58,0x00000000ab480000)
 Metaspace       used 57612K, capacity 59138K, committed 59160K, reserved 1099776K
  class space    used 7837K, capacity 8227K, committed 8232K, reserved 1048576K
}
Event: 7.395 GC heap before
{Heap before GC invocations=12 (full 3):
 PSYoungGen      total 143872K, used 16375K [0x00000000e0000000, 0x00000000ebf80000, 0x0000000100000000)
  eden space 127488K, 0% used [0x00000000e0000000,0x00000000e0000000,0x00000000e7c80000)
  from space 16384K, 99% used [0x00000000e7c80000,0x00000000e8c7df38,0x00000000e8c80000)
  to   space 19456K, 0% used [0x00000000eac80000,0x00000000eac80000,0x00000000ebf80000)
 ParOldGen       total 184832K, used 24111K [0x00000000a0000000, 0x00000000ab480000, 0x00000000e0000000)
  object space 184832K, 13% used [0x00000000a0000000,0x00000000a178bc58,0x00000000ab480000)
 Metaspace       used 57612K, capacity 59138K, committed 59160K, reserved 1099776K
  class space    used 7837K, capacity 8227K, committed 8232K, reserved 1048576K
Event: 7.548 GC heap after
Heap after GC invocations=12 (full 3):
 PSYoungGen      total 143872K, used 0K [0x00000000e0000000, 0x00000000ebf80000, 0x0000000100000000)
  eden space 127488K, 0% used [0x00000000e0000000,0x00000000e0000000,0x00000000e7c80000)
  from space 16384K, 0% used [0x00000000e7c80000,0x00000000e7c80000,0x00000000e8c80000)
  to   space 19456K, 0% used [0x00000000eac80000,0x00000000eac80000,0x00000000ebf80000)
 ParOldGen       total 272896K, used 34579K [0x00000000a0000000, 0x00000000b0a80000, 0x00000000e0000000)
  object space 272896K, 12% used [0x00000000a0000000,0x00000000a21c4f58,0x00000000b0a80000)
 Metaspace       used 57612K, capacity 59138K, committed 59160K, reserved 1099776K
  class space    used 7837K, capacity 8227K, committed 8232K, reserved 1048576K
}
Event: 8.361 GC heap before
{Heap before GC invocations=13 (full 3):
 PSYoungGen      total 143872K, used 127488K [0x00000000e0000000, 0x00000000ebf80000, 0x0000000100000000)
  eden space 127488K, 100% used [0x00000000e0000000,0x00000000e7c80000,0x00000000e7c80000)
  from space 16384K, 0% used [0x00000000e7c80000,0x00000000e7c80000,0x00000000e8c80000)
  to   space 19456K, 0% used [0x00000000eac80000,0x00000000eac80000,0x00000000ebf80000)
 ParOldGen       total 272896K, used 34579K [0x00000000a0000000, 0x00000000b0a80000, 0x00000000e0000000)
  object space 272896K, 12% used [0x00000000a0000000,0x00000000a21c4f58,0x00000000b0a80000)
 Metaspace       used 61018K, capacity 63164K, committed 63384K, reserved 1103872K
  class space    used 8323K, capacity 8778K, committed 8872K, reserved 1048576K
Event: 8.374 GC heap after
Heap after GC invocations=13 (full 3):
 PSYoungGen      total 164352K, used 12344K [0x00000000e0000000, 0x00000000eb900000, 0x0000000100000000)
  eden space 151552K, 0% used [0x00000000e0000000,0x00000000e0000000,0x00000000e9400000)
  from space 12800K, 96% used [0x00000000eac80000,0x00000000eb88e078,0x00000000eb900000)
  to   space 18944K, 0% used [0x00000000e9400000,0x00000000e9400000,0x00000000ea680000)
 ParOldGen       total 272896K, used 34587K [0x00000000a0000000, 0x00000000b0a80000, 0x00000000e0000000)
  object space 272896K, 12% used [0x00000000a0000000,0x00000000a21c6f58,0x00000000b0a80000)
 Metaspace       used 61018K, capacity 63164K, committed 63384K, reserved 1103872K
  class space    used 8323K, capacity 8778K, committed 8872K, reserved 1048576K
}
Event: 9.027 GC heap before
{Heap before GC invocations=14 (full 3):
 PSYoungGen      total 164352K, used 163896K [0x00000000e0000000, 0x00000000eb900000, 0x0000000100000000)
  eden space 151552K, 100% used [0x00000000e0000000,0x00000000e9400000,0x00000000e9400000)
  from space 12800K, 96% used [0x00000000eac80000,0x00000000eb88e078,0x00000000eb900000)
  to   space 18944K, 0% used [0x00000000e9400000,0x00000000e9400000,0x00000000ea680000)
 ParOldGen       total 272896K, used 34595K [0x00000000a0000000, 0x00000000b0a80000, 0x00000000e0000000)
  object space 272896K, 12% used [0x00000000a0000000,0x00000000a21c8f68,0x00000000b0a80000)
 Metaspace       used 62994K, capacity 65496K, committed 65688K, reserved 1105920K
  class space    used 8586K, capacity 9100K, committed 9128K, reserved 1048576K
Event: 9.052 GC heap after
Heap after GC invocations=14 (full 3):
 PSYoungGen      total 170496K, used 18923K [0x00000000e0000000, 0x00000000eb900000, 0x0000000100000000)
  eden space 151552K, 0% used [0x00000000e0000000,0x00000000e0000000,0x00000000e9400000)
  from space 18944K, 99% used [0x00000000e9400000,0x00000000ea67ad28,0x00000000ea680000)
  to   space 12800K, 0% used [0x00000000eac80000,0x00000000eac80000,0x00000000eb900000)
 ParOldGen       total 272896K, used 49691K [0x00000000a0000000, 0x00000000b0a80000, 0x00000000e0000000)
  object space 272896K, 18% used [0x00000000a0000000,0x00000000a3086ff8,0x00000000b0a80000)
 Metaspace       used 62994K, capacity 65496K, committed 65688K, reserved 1105920K
  class space    used 8586K, capacity 9100K, committed 9128K, reserved 1048576K
}

