# JRE version: OpenJDK Runtime Environment (8.0_212-b04) (build 1.8.0_212-release-1586-b04)
# Java VM: OpenJDK 64-Bit Server VM (25.212-b04 mixed mode windows-amd64 compressed oops)
Heap:
 PSYoungGen      total 301056K, used 270333K [0x00000000e0000000, 0x00000000f8400000, 0x0000000100000000)
  eden space 261632K, 89% used [0x00000000e0000000,0x00000000ee5ec678,0x00000000eff80000)
  from space 39424K, 88% used [0x00000000eff80000,0x00000000f2192ec8,0x00000000f2600000)
  to   space 43520K, 0% used [0x00000000f5980000,0x00000000f5980000,0x00000000f8400000)
 ParOldGen       total 263168K, used 57630K [0x00000000a0000000, 0x00000000b0100000, 0x00000000e0000000)
  object space 263168K, 21% used [0x00000000a0000000,0x00000000a3847808,0x00000000b0100000)
 Metaspace       used 70536K, capacity 73146K, committed 73344K, reserved 1112064K
  class space    used 9495K, capacity 10057K, committed 10112K, reserved 1048576K
GC Heap History (10 events):
Event: 6.955 GC heap before
{Heap before GC invocations=12 (full 3):
 PSYoungGen      total 209920K, used 16167K [0x00000000e0000000, 0x00000000f1600000, 0x0000000100000000)
  eden space 188416K, 0% used [0x00000000e0000000,0x00000000e0000000,0x00000000eb800000)
  from space 21504K, 75% used [0x00000000eb800000,0x00000000ec7c9f08,0x00000000ecd00000)
  to   space 22016K, 0% used [0x00000000f0080000,0x00000000f0080000,0x00000000f1600000)
 ParOldGen       total 181248K, used 26540K [0x00000000a0000000, 0x00000000ab100000, 0x00000000e0000000)
  object space 181248K, 14% used [0x00000000a0000000,0x00000000a19eb0e8,0x00000000ab100000)
 Metaspace       used 57495K, capacity 59000K, committed 59096K, reserved 1099776K
  class space    used 7831K, capacity 8226K, committed 8320K, reserved 1048576K
Event: 7.164 GC heap after
Heap after GC invocations=12 (full 3):
 PSYoungGen      total 209920K, used 0K [0x00000000e0000000, 0x00000000f1600000, 0x0000000100000000)
  eden space 188416K, 0% used [0x00000000e0000000,0x00000000e0000000,0x00000000eb800000)
  from space 21504K, 0% used [0x00000000eb800000,0x00000000eb800000,0x00000000ecd00000)
  to   space 22016K, 0% used [0x00000000f0080000,0x00000000f0080000,0x00000000f1600000)
 ParOldGen       total 263168K, used 30929K [0x00000000a0000000, 0x00000000b0100000, 0x00000000e0000000)
  object space 263168K, 11% used [0x00000000a0000000,0x00000000a1e34588,0x00000000b0100000)
 Metaspace       used 57495K, capacity 59000K, committed 59096K, reserved 1099776K
  class space    used 7831K, capacity 8226K, committed 8320K, reserved 1048576K
}
Event: 8.704 GC heap before
{Heap before GC invocations=13 (full 3):
 PSYoungGen      total 209920K, used 188416K [0x00000000e0000000, 0x00000000f1600000, 0x0000000100000000)
  eden space 188416K, 100% used [0x00000000e0000000,0x00000000eb800000,0x00000000eb800000)
  from space 21504K, 0% used [0x00000000eb800000,0x00000000eb800000,0x00000000ecd00000)
  to   space 22016K, 0% used [0x00000000f0080000,0x00000000f0080000,0x00000000f1600000)
 ParOldGen       total 263168K, used 30929K [0x00000000a0000000, 0x00000000b0100000, 0x00000000e0000000)
  object space 263168K, 11% used [0x00000000a0000000,0x00000000a1e34588,0x00000000b0100000)
 Metaspace       used 61872K, capacity 64138K, committed 64256K, reserved 1103872K
  class space    used 8403K, capacity 8915K, committed 8960K, reserved 1048576K
Event: 8.715 GC heap after
Heap after GC invocations=13 (full 3):
 PSYoungGen      total 242176K, used 17675K [0x00000000e0000000, 0x00000000f1200000, 0x0000000100000000)
  eden space 224256K, 0% used [0x00000000e0000000,0x00000000e0000000,0x00000000edb00000)
  from space 17920K, 98% used [0x00000000f0080000,0x00000000f11c2e38,0x00000000f1200000)
  to   space 23040K, 0% used [0x00000000ee500000,0x00000000ee500000,0x00000000efb80000)
 ParOldGen       total 263168K, used 30937K [0x00000000a0000000, 0x00000000b0100000, 0x00000000e0000000)
  object space 263168K, 11% used [0x00000000a0000000,0x00000000a1e36588,0x00000000b0100000)
 Metaspace       used 61872K, capacity 64138K, committed 64256K, reserved 1103872K
  class space    used 8403K, capacity 8915K, committed 8960K, reserved 1048576K
}
Event: 10.396 GC heap before
{Heap before GC invocations=14 (full 3):
 PSYoungGen      total 242176K, used 241931K [0x00000000e0000000, 0x00000000f1200000, 0x0000000100000000)
  eden space 224256K, 100% used [0x00000000e0000000,0x00000000edb00000,0x00000000edb00000)
  from space 17920K, 98% used [0x00000000f0080000,0x00000000f11c2e38,0x00000000f1200000)
  to   space 23040K, 0% used [0x00000000ee500000,0x00000000ee500000,0x00000000efb80000)
 ParOldGen       total 263168K, used 30937K [0x00000000a0000000, 0x00000000b0100000, 0x00000000e0000000)
  object space 263168K, 11% used [0x00000000a0000000,0x00000000a1e36588,0x00000000b0100000)
 Metaspace       used 65070K, capacity 67430K, committed 67456K, reserved 1107968K
  class space    used 8792K, capacity 9323K, committed 9344K, reserved 1048576K
Event: 10.421 GC heap after
Heap after GC invocations=14 (full 3):
 PSYoungGen      total 257536K, used 23033K [0x00000000e0000000, 0x00000000f4900000, 0x0000000100000000)
  eden space 234496K, 0% used [0x00000000e0000000,0x00000000e0000000,0x00000000ee500000)
  from space 23040K, 99% used [0x00000000ee500000,0x00000000efb7e6d0,0x00000000efb80000)
  to   space 35840K, 0% used [0x00000000f2600000,0x00000000f2600000,0x00000000f4900000)
 ParOldGen       total 263168K, used 57614K [0x00000000a0000000, 0x00000000b0100000, 0x00000000e0000000)
  object space 263168K, 21% used [0x00000000a0000000,0x00000000a3843808,0x00000000b0100000)
 Metaspace       used 65070K, capacity 67430K, committed 67456K, reserved 1107968K
  class space    used 8792K, capacity 9323K, committed 9344K, reserved 1048576K
}
Event: 12.170 GC heap before
{Heap before GC invocations=15 (full 3):
 PSYoungGen      total 257536K, used 257529K [0x00000000e0000000, 0x00000000f4900000, 0x0000000100000000)
  eden space 234496K, 100% used [0x00000000e0000000,0x00000000ee500000,0x00000000ee500000)
  from space 23040K, 99% used [0x00000000ee500000,0x00000000efb7e6d0,0x00000000efb80000)
  to   space 35840K, 0% used [0x00000000f2600000,0x00000000f2600000,0x00000000f4900000)
 ParOldGen       total 263168K, used 57614K [0x00000000a0000000, 0x00000000b0100000, 0x00000000e0000000)
  object space 263168K, 21% used [0x00000000a0000000,0x00000000a3843808,0x00000000b0100000)
 Metaspace       used 70366K, capacity 72996K, committed 73088K, reserved 1112064K
  class space    used 9491K, capacity 10052K, committed 10112K, reserved 1048576K
Event: 12.201 GC heap after
Heap after GC invocations=15 (full 3):
 PSYoungGen      total 297472K, used 32671K [0x00000000e0000000, 0x00000000f5b80000, 0x0000000100000000)
  eden space 261632K, 0% used [0x00000000e0000000,0x00000000e0000000,0x00000000eff80000)
  from space 35840K, 91% used [0x00000000f2600000,0x00000000f45e7d18,0x00000000f4900000)
  to   space 39424K, 0% used [0x00000000eff80000,0x00000000eff80000,0x00000000f2600000)
 ParOldGen       total 263168K, used 57622K [0x00000000a0000000, 0x00000000b0100000, 0x00000000e0000000)
  object space 263168K, 21% used [0x00000000a0000000,0x00000000a3845808,0x00000000b0100000)
 Metaspace       used 70366K, capacity 72996K, committed 73088K, reserved 1112064K
  class space    used 9491K, capacity 10052K, committed 10112K, reserved 1048576K
}
Event: 13.292 GC heap before
{Heap before GC invocations=16 (full 3):
 PSYoungGen      total 297472K, used 294303K [0x00000000e0000000, 0x00000000f5b80000, 0x0000000100000000)
  eden space 261632K, 100% used [0x00000000e0000000,0x00000000eff80000,0x00000000eff80000)
  from space 35840K, 91% used [0x00000000f2600000,0x00000000f45e7d18,0x00000000f4900000)
  to   space 39424K, 0% used [0x00000000eff80000,0x00000000eff80000,0x00000000f2600000)
 ParOldGen       total 263168K, used 57622K [0x00000000a0000000, 0x00000000b0100000, 0x00000000e0000000)
  object space 263168K, 21% used [0x00000000a0000000,0x00000000a3845808,0x00000000b0100000)
 Metaspace       used 70482K, capacity 73076K, committed 73344K, reserved 1112064K
  class space    used 9494K, capacity 10056K, committed 10112K, reserved 1048576K
Event: 13.316 GC heap after
Heap after GC invocations=16 (full 3):
 PSYoungGen      total 301056K, used 34891K [0x00000000e0000000, 0x00000000f8400000, 0x0000000100000000)
  eden space 261632K, 0% used [0x00000000e0000000,0x00000000e0000000,0x00000000eff80000)
  from space 39424K, 88% used [0x00000000eff80000,0x00000000f2192ec8,0x00000000f2600000)
  to   space 43520K, 0% used [0x00000000f5980000,0x00000000f5980000,0x00000000f8400000)
 ParOldGen       total 263168K, used 57630K [0x00000000a0000000, 0x00000000b0100000, 0x00000000e0000000)
  object space 263168K, 21% used [0x00000000a0000000,0x00000000a3847808,0x00000000b0100000)
 Metaspace       used 70482K, capacity 73076K, committed 73344K, reserved 1112064K
  class space    used 9494K, capacity 10056K, committed 10112K, reserved 1048576K
}

