# JRE version: OpenJDK Runtime Environment (8.0_212-b04) (build 1.8.0_212-release-1586-b04)
# Java VM: OpenJDK 64-Bit Server VM (25.212-b04 mixed mode windows-amd64 compressed oops)
Heap:
 PSYoungGen      total 460800K, used 392170K [0x00000000e0000000, 0x00000000ffd00000, 0x0000000100000000)
  eden space 402944K, 94% used [0x00000000e0000000,0x00000000f74727f8,0x00000000f8980000)
  from space 57856K, 18% used [0x00000000f8980000,0x00000000f9408010,0x00000000fc200000)
  to   space 55808K, 0% used [0x00000000fc680000,0x00000000fc680000,0x00000000ffd00000)
 ParOldGen       total 494080K, used 303989K [0x00000000a0000000, 0x00000000be280000, 0x00000000e0000000)
  object space 494080K, 61% used [0x00000000a0000000,0x00000000b28dd6c8,0x00000000be280000)
 Metaspace       used 80360K, capacity 83538K, committed 84696K, reserved 1122304K
  class space    used 10324K, capacity 10967K, committed 11264K, reserved 1048576K
GC Heap History (10 events):
Event: 37.748 GC heap before
{Heap before GC invocations=52 (full 5):
 PSYoungGen      total 458240K, used 25210K [0x00000000e0000000, 0x0000000100000000, 0x0000000100000000)
  eden space 390144K, 2% used [0x00000000e0000000,0x00000000e0a98f10,0x00000000f7d00000)
  from space 68096K, 21% used [0x00000000fbd80000,0x00000000fcb85b98,0x0000000100000000)
  to   space 66048K, 0% used [0x00000000f7d00000,0x00000000f7d00000,0x00000000fbd80000)
 ParOldGen       total 494080K, used 250580K [0x00000000a0000000, 0x00000000be280000, 0x00000000e0000000)
  object space 494080K, 50% used [0x00000000a0000000,0x00000000af4b51e8,0x00000000be280000)
 Metaspace       used 80349K, capacity 83410K, committed 84440K, reserved 1122304K
  class space    used 10324K, capacity 10967K, committed 11264K, reserved 1048576K
Event: 37.756 GC heap after
Heap after GC invocations=52 (full 5):
 PSYoungGen      total 456192K, used 992K [0x00000000e0000000, 0x00000000ffe00000, 0x0000000100000000)
  eden space 390144K, 0% used [0x00000000e0000000,0x00000000e0000000,0x00000000f7d00000)
  from space 66048K, 1% used [0x00000000f7d00000,0x00000000f7df8000,0x00000000fbd80000)
  to   space 66048K, 0% used [0x00000000fbd80000,0x00000000fbd80000,0x00000000ffe00000)
 ParOldGen       total 494080K, used 264266K [0x00000000a0000000, 0x00000000be280000, 0x00000000e0000000)
  object space 494080K, 53% used [0x00000000a0000000,0x00000000b0212b90,0x00000000be280000)
 Metaspace       used 80349K, capacity 83410K, committed 84440K, reserved 1122304K
  class space    used 10324K, capacity 10967K, committed 11264K, reserved 1048576K
}
Event: 38.042 GC heap before
{Heap before GC invocations=53 (full 5):
 PSYoungGen      total 456192K, used 391136K [0x00000000e0000000, 0x00000000ffe00000, 0x0000000100000000)
  eden space 390144K, 100% used [0x00000000e0000000,0x00000000f7d00000,0x00000000f7d00000)
  from space 66048K, 1% used [0x00000000f7d00000,0x00000000f7df8000,0x00000000fbd80000)
  to   space 66048K, 0% used [0x00000000fbd80000,0x00000000fbd80000,0x00000000ffe00000)
 ParOldGen       total 494080K, used 264266K [0x00000000a0000000, 0x00000000be280000, 0x00000000e0000000)
  object space 494080K, 53% used [0x00000000a0000000,0x00000000b0212b90,0x00000000be280000)
 Metaspace       used 80351K, capacity 83474K, committed 84696K, reserved 1122304K
  class space    used 10324K, capacity 10967K, committed 11264K, reserved 1048576K
Event: 38.063 GC heap after
Heap after GC invocations=53 (full 5):
 PSYoungGen      total 452096K, used 21580K [0x00000000e0000000, 0x00000000ff800000, 0x0000000100000000)
  eden space 392192K, 0% used [0x00000000e0000000,0x00000000e0000000,0x00000000f7f00000)
  from space 59904K, 36% used [0x00000000fbd80000,0x00000000fd293300,0x00000000ff800000)
  to   space 61952K, 0% used [0x00000000f7f00000,0x00000000f7f00000,0x00000000fbb80000)
 ParOldGen       total 494080K, used 264650K [0x00000000a0000000, 0x00000000be280000, 0x00000000e0000000)
  object space 494080K, 53% used [0x00000000a0000000,0x00000000b0272b90,0x00000000be280000)
 Metaspace       used 80351K, capacity 83474K, committed 84696K, reserved 1122304K
  class space    used 10324K, capacity 10967K, committed 11264K, reserved 1048576K
}
Event: 38.320 GC heap before
{Heap before GC invocations=54 (full 5):
 PSYoungGen      total 452096K, used 413772K [0x00000000e0000000, 0x00000000ff800000, 0x0000000100000000)
  eden space 392192K, 100% used [0x00000000e0000000,0x00000000f7f00000,0x00000000f7f00000)
  from space 59904K, 36% used [0x00000000fbd80000,0x00000000fd293300,0x00000000ff800000)
  to   space 61952K, 0% used [0x00000000f7f00000,0x00000000f7f00000,0x00000000fbb80000)
 ParOldGen       total 494080K, used 264650K [0x00000000a0000000, 0x00000000be280000, 0x00000000e0000000)
  object space 494080K, 53% used [0x00000000a0000000,0x00000000b0272b90,0x00000000be280000)
 Metaspace       used 80351K, capacity 83474K, committed 84696K, reserved 1122304K
  class space    used 10324K, capacity 10967K, committed 11264K, reserved 1048576K
Event: 38.340 GC heap after
Heap after GC invocations=54 (full 5):
 PSYoungGen      total 454144K, used 15606K [0x00000000e0000000, 0x00000000ffd00000, 0x0000000100000000)
  eden space 392192K, 0% used [0x00000000e0000000,0x00000000e0000000,0x00000000f7f00000)
  from space 61952K, 25% used [0x00000000f7f00000,0x00000000f8e3da38,0x00000000fbb80000)
  to   space 59392K, 0% used [0x00000000fc300000,0x00000000fc300000,0x00000000ffd00000)
 ParOldGen       total 494080K, used 283221K [0x00000000a0000000, 0x00000000be280000, 0x00000000e0000000)
  object space 494080K, 57% used [0x00000000a0000000,0x00000000b14957f8,0x00000000be280000)
 Metaspace       used 80351K, capacity 83474K, committed 84696K, reserved 1122304K
  class space    used 10324K, capacity 10967K, committed 11264K, reserved 1048576K
}
Event: 38.663 GC heap before
{Heap before GC invocations=55 (full 5):
 PSYoungGen      total 454144K, used 407798K [0x00000000e0000000, 0x00000000ffd00000, 0x0000000100000000)
  eden space 392192K, 100% used [0x00000000e0000000,0x00000000f7f00000,0x00000000f7f00000)
  from space 61952K, 25% used [0x00000000f7f00000,0x00000000f8e3da38,0x00000000fbb80000)
  to   space 59392K, 0% used [0x00000000fc300000,0x00000000fc300000,0x00000000ffd00000)
 ParOldGen       total 494080K, used 283221K [0x00000000a0000000, 0x00000000be280000, 0x00000000e0000000)
  object space 494080K, 57% used [0x00000000a0000000,0x00000000b14957f8,0x00000000be280000)
 Metaspace       used 80351K, capacity 83474K, committed 84696K, reserved 1122304K
  class space    used 10324K, capacity 10967K, committed 11264K, reserved 1048576K
Event: 38.688 GC heap after
Heap after GC invocations=55 (full 5):
 PSYoungGen      total 459776K, used 8768K [0x00000000e0000000, 0x00000000ffa80000, 0x0000000100000000)
  eden space 402944K, 0% used [0x00000000e0000000,0x00000000e0000000,0x00000000f8980000)
  from space 56832K, 15% used [0x00000000fc300000,0x00000000fcb90010,0x00000000ffa80000)
  to   space 57856K, 0% used [0x00000000f8980000,0x00000000f8980000,0x00000000fc200000)
 ParOldGen       total 494080K, used 297113K [0x00000000a0000000, 0x00000000be280000, 0x00000000e0000000)
  object space 494080K, 60% used [0x00000000a0000000,0x00000000b2226760,0x00000000be280000)
 Metaspace       used 80351K, capacity 83474K, committed 84696K, reserved 1122304K
  class space    used 10324K, capacity 10967K, committed 11264K, reserved 1048576K
}
Event: 39.035 GC heap before
{Heap before GC invocations=56 (full 5):
 PSYoungGen      total 459776K, used 411712K [0x00000000e0000000, 0x00000000ffa80000, 0x0000000100000000)
  eden space 402944K, 100% used [0x00000000e0000000,0x00000000f8980000,0x00000000f8980000)
  from space 56832K, 15% used [0x00000000fc300000,0x00000000fcb90010,0x00000000ffa80000)
  to   space 57856K, 0% used [0x00000000f8980000,0x00000000f8980000,0x00000000fc200000)
 ParOldGen       total 494080K, used 297113K [0x00000000a0000000, 0x00000000be280000, 0x00000000e0000000)
  object space 494080K, 60% used [0x00000000a0000000,0x00000000b2226760,0x00000000be280000)
 Metaspace       used 80358K, capacity 83538K, committed 84696K, reserved 1122304K
  class space    used 10324K, capacity 10967K, committed 11264K, reserved 1048576K
Event: 39.061 GC heap after
Heap after GC invocations=56 (full 5):
 PSYoungGen      total 460800K, used 10784K [0x00000000e0000000, 0x00000000ffd00000, 0x0000000100000000)
  eden space 402944K, 0% used [0x00000000e0000000,0x00000000e0000000,0x00000000f8980000)
  from space 57856K, 18% used [0x00000000f8980000,0x00000000f9408010,0x00000000fc200000)
  to   space 55808K, 0% used [0x00000000fc680000,0x00000000fc680000,0x00000000ffd00000)
 ParOldGen       total 494080K, used 303989K [0x00000000a0000000, 0x00000000be280000, 0x00000000e0000000)
  object space 494080K, 61% used [0x00000000a0000000,0x00000000b28dd6c8,0x00000000be280000)
 Metaspace       used 80358K, capacity 83538K, committed 84696K, reserved 1122304K
  class space    used 10324K, capacity 10967K, committed 11264K, reserved 1048576K
}

