# JRE version: OpenJDK Runtime Environment (8.0_212-b04) (build 1.8.0_212-release-1586-b04)
# Java VM: OpenJDK 64-Bit Server VM (25.212-b04 mixed mode windows-amd64 compressed oops)
Heap:
 PSYoungGen      total 484864K, used 156060K [0x00000000e0000000, 0x00000000ffc00000, 0x0000000100000000)
  eden space 454656K, 32% used [0x00000000e0000000,0x00000000e8f01e20,0x00000000fbc00000)
  from space 30208K, 31% used [0x00000000fde80000,0x00000000fe7e5398,0x00000000ffc00000)
  to   space 32768K, 0% used [0x00000000fbc00000,0x00000000fbc00000,0x00000000fdc00000)
 ParOldGen       total 253952K, used 210628K [0x00000000a0000000, 0x00000000af800000, 0x00000000e0000000)
  object space 253952K, 82% used [0x00000000a0000000,0x00000000acdb1320,0x00000000af800000)
 Metaspace       used 77937K, capacity 80894K, committed 81752K, reserved 1120256K
  class space    used 10056K, capacity 10651K, committed 10880K, reserved 1048576K
GC Heap History (10 events):
Event: 103.197 GC heap before
{Heap before GC invocations=34 (full 4):
 PSYoungGen      total 478720K, used 445632K [0x00000000e0000000, 0x00000000ffe80000, 0x0000000100000000)
  eden space 437760K, 100% used [0x00000000e0000000,0x00000000fab80000,0x00000000fab80000)
  from space 40960K, 19% used [0x00000000fab80000,0x00000000fb330010,0x00000000fd380000)
  to   space 39936K, 0% used [0x00000000fd780000,0x00000000fd780000,0x00000000ffe80000)
 ParOldGen       total 253952K, used 172216K [0x00000000a0000000, 0x00000000af800000, 0x00000000e0000000)
  object space 253952K, 67% used [0x00000000a0000000,0x00000000aa82e388,0x00000000af800000)
 Metaspace       used 77904K, capacity 80754K, committed 81496K, reserved 1120256K
  class space    used 10054K, capacity 10649K, committed 10880K, reserved 1048576K
Event: 103.208 GC heap after
Heap after GC invocations=34 (full 4):
 PSYoungGen      total 479744K, used 10873K [0x00000000e0000000, 0x00000000ffb00000, 0x0000000100000000)
  eden space 443392K, 0% used [0x00000000e0000000,0x00000000e0000000,0x00000000fb100000)
  from space 36352K, 29% used [0x00000000fd780000,0x00000000fe21e5b0,0x00000000ffb00000)
  to   space 37888K, 0% used [0x00000000fb100000,0x00000000fb100000,0x00000000fd600000)
 ParOldGen       total 253952K, used 179724K [0x00000000a0000000, 0x00000000af800000, 0x00000000e0000000)
  object space 253952K, 70% used [0x00000000a0000000,0x00000000aaf833c8,0x00000000af800000)
 Metaspace       used 77904K, capacity 80754K, committed 81496K, reserved 1120256K
  class space    used 10054K, capacity 10649K, committed 10880K, reserved 1048576K
}
Event: 103.608 GC heap before
{Heap before GC invocations=35 (full 4):
 PSYoungGen      total 479744K, used 454265K [0x00000000e0000000, 0x00000000ffb00000, 0x0000000100000000)
  eden space 443392K, 100% used [0x00000000e0000000,0x00000000fb100000,0x00000000fb100000)
  from space 36352K, 29% used [0x00000000fd780000,0x00000000fe21e5b0,0x00000000ffb00000)
  to   space 37888K, 0% used [0x00000000fb100000,0x00000000fb100000,0x00000000fd600000)
 ParOldGen       total 253952K, used 179724K [0x00000000a0000000, 0x00000000af800000, 0x00000000e0000000)
  object space 253952K, 70% used [0x00000000a0000000,0x00000000aaf833c8,0x00000000af800000)
 Metaspace       used 77908K, capacity 80758K, committed 81496K, reserved 1120256K
  class space    used 10054K, capacity 10649K, committed 10880K, reserved 1048576K
Event: 103.620 GC heap after
Heap after GC invocations=35 (full 4):
 PSYoungGen      total 481280K, used 8080K [0x00000000e0000000, 0x00000000fff80000, 0x0000000100000000)
  eden space 443392K, 0% used [0x00000000e0000000,0x00000000e0000000,0x00000000fb100000)
  from space 37888K, 21% used [0x00000000fb100000,0x00000000fb8e4030,0x00000000fd600000)
  to   space 36864K, 0% used [0x00000000fdb80000,0x00000000fdb80000,0x00000000fff80000)
 ParOldGen       total 253952K, used 187665K [0x00000000a0000000, 0x00000000af800000, 0x00000000e0000000)
  object space 253952K, 73% used [0x00000000a0000000,0x00000000ab7444f8,0x00000000af800000)
 Metaspace       used 77908K, capacity 80758K, committed 81496K, reserved 1120256K
  class space    used 10054K, capacity 10649K, committed 10880K, reserved 1048576K
}
Event: 104.128 GC heap before
{Heap before GC invocations=36 (full 4):
 PSYoungGen      total 481280K, used 451472K [0x00000000e0000000, 0x00000000fff80000, 0x0000000100000000)
  eden space 443392K, 100% used [0x00000000e0000000,0x00000000fb100000,0x00000000fb100000)
  from space 37888K, 21% used [0x00000000fb100000,0x00000000fb8e4030,0x00000000fd600000)
  to   space 36864K, 0% used [0x00000000fdb80000,0x00000000fdb80000,0x00000000fff80000)
 ParOldGen       total 253952K, used 187665K [0x00000000a0000000, 0x00000000af800000, 0x00000000e0000000)
  object space 253952K, 73% used [0x00000000a0000000,0x00000000ab7444f8,0x00000000af800000)
 Metaspace       used 77913K, capacity 80758K, committed 81496K, reserved 1120256K
  class space    used 10054K, capacity 10649K, committed 10880K, reserved 1048576K
Event: 104.142 GC heap after
Heap after GC invocations=36 (full 4):
 PSYoungGen      total 482816K, used 8512K [0x00000000e0000000, 0x00000000ffc00000, 0x0000000100000000)
  eden space 449536K, 0% used [0x00000000e0000000,0x00000000e0000000,0x00000000fb700000)
  from space 33280K, 25% used [0x00000000fdb80000,0x00000000fe3d0000,0x00000000ffc00000)
  to   space 35328K, 0% used [0x00000000fb700000,0x00000000fb700000,0x00000000fd980000)
 ParOldGen       total 253952K, used 195069K [0x00000000a0000000, 0x00000000af800000, 0x00000000e0000000)
  object space 253952K, 76% used [0x00000000a0000000,0x00000000abe7f560,0x00000000af800000)
 Metaspace       used 77913K, capacity 80758K, committed 81496K, reserved 1120256K
  class space    used 10054K, capacity 10649K, committed 10880K, reserved 1048576K
}
Event: 104.776 GC heap before
{Heap before GC invocations=37 (full 4):
 PSYoungGen      total 482816K, used 458048K [0x00000000e0000000, 0x00000000ffc00000, 0x0000000100000000)
  eden space 449536K, 100% used [0x00000000e0000000,0x00000000fb700000,0x00000000fb700000)
  from space 33280K, 25% used [0x00000000fdb80000,0x00000000fe3d0000,0x00000000ffc00000)
  to   space 35328K, 0% used [0x00000000fb700000,0x00000000fb700000,0x00000000fd980000)
 ParOldGen       total 253952K, used 195069K [0x00000000a0000000, 0x00000000af800000, 0x00000000e0000000)
  object space 253952K, 76% used [0x00000000a0000000,0x00000000abe7f560,0x00000000af800000)
 Metaspace       used 77915K, capacity 80758K, committed 81496K, reserved 1120256K
  class space    used 10054K, capacity 10649K, committed 10880K, reserved 1048576K
Event: 104.791 GC heap after
Heap after GC invocations=37 (full 4):
 PSYoungGen      total 484864K, used 8192K [0x00000000e0000000, 0x0000000100000000, 0x0000000100000000)
  eden space 449536K, 0% used [0x00000000e0000000,0x00000000e0000000,0x00000000fb700000)
  from space 35328K, 23% used [0x00000000fb700000,0x00000000fbf00010,0x00000000fd980000)
  to   space 34304K, 0% used [0x00000000fde80000,0x00000000fde80000,0x0000000100000000)
 ParOldGen       total 253952K, used 203256K [0x00000000a0000000, 0x00000000af800000, 0x00000000e0000000)
  object space 253952K, 80% used [0x00000000a0000000,0x00000000ac67e300,0x00000000af800000)
 Metaspace       used 77915K, capacity 80758K, committed 81496K, reserved 1120256K
  class space    used 10054K, capacity 10649K, committed 10880K, reserved 1048576K
}
Event: 105.697 GC heap before
{Heap before GC invocations=38 (full 4):
 PSYoungGen      total 484864K, used 457728K [0x00000000e0000000, 0x0000000100000000, 0x0000000100000000)
  eden space 449536K, 100% used [0x00000000e0000000,0x00000000fb700000,0x00000000fb700000)
  from space 35328K, 23% used [0x00000000fb700000,0x00000000fbf00010,0x00000000fd980000)
  to   space 34304K, 0% used [0x00000000fde80000,0x00000000fde80000,0x0000000100000000)
 ParOldGen       total 253952K, used 203256K [0x00000000a0000000, 0x00000000af800000, 0x00000000e0000000)
  object space 253952K, 80% used [0x00000000a0000000,0x00000000ac67e300,0x00000000af800000)
 Metaspace       used 77935K, capacity 80894K, committed 81752K, reserved 1120256K
  class space    used 10055K, capacity 10651K, committed 10880K, reserved 1048576K
Event: 105.714 GC heap after
Heap after GC invocations=38 (full 4):
 PSYoungGen      total 484864K, used 9620K [0x00000000e0000000, 0x00000000ffc00000, 0x0000000100000000)
  eden space 454656K, 0% used [0x00000000e0000000,0x00000000e0000000,0x00000000fbc00000)
  from space 30208K, 31% used [0x00000000fde80000,0x00000000fe7e5398,0x00000000ffc00000)
  to   space 32768K, 0% used [0x00000000fbc00000,0x00000000fbc00000,0x00000000fdc00000)
 ParOldGen       total 253952K, used 210628K [0x00000000a0000000, 0x00000000af800000, 0x00000000e0000000)
  object space 253952K, 82% used [0x00000000a0000000,0x00000000acdb1320,0x00000000af800000)
 Metaspace       used 77935K, capacity 80894K, committed 81752K, reserved 1120256K
  class space    used 10055K, capacity 10651K, committed 10880K, reserved 1048576K
}

