# JRE version: OpenJDK Runtime Environment (8.0_212-b04) (build 1.8.0_212-release-1586-b04)
# Java VM: OpenJDK 64-Bit Server VM (25.212-b04 mixed mode windows-amd64 compressed oops)
Heap:
 PSYoungGen      total 306688K, used 29420K [0x00000000e0000000, 0x00000000f5480000, 0x0000000100000000)
  eden space 264704K, 5% used [0x00000000e0000000,0x00000000e0e861b0,0x00000000f0280000)
  from space 41984K, 34% used [0x00000000f2b80000,0x00000000f39b4ec0,0x00000000f5480000)
  to   space 41984K, 0% used [0x00000000f0280000,0x00000000f0280000,0x00000000f2b80000)
 ParOldGen       total 287232K, used 144564K [0x00000000a0000000, 0x00000000b1880000, 0x00000000e0000000)
  object space 287232K, 50% used [0x00000000a0000000,0x00000000a8d2d0e8,0x00000000b1880000)
 Metaspace       used 71316K, capacity 74430K, committed 74456K, reserved 1114112K
  class space    used 9591K, capacity 10231K, committed 10240K, reserved 1048576K
GC Heap History (10 events):
Event: 12.422 GC heap before
{Heap before GC invocations=23 (full 3):
 PSYoungGen      total 306688K, used 289549K [0x00000000e0000000, 0x00000000f5480000, 0x0000000100000000)
  eden space 264704K, 100% used [0x00000000e0000000,0x00000000f0280000,0x00000000f0280000)
  from space 41984K, 59% used [0x00000000f0280000,0x00000000f1ac3748,0x00000000f2b80000)
  to   space 41984K, 0% used [0x00000000f2b80000,0x00000000f2b80000,0x00000000f5480000)
 ParOldGen       total 287232K, used 116235K [0x00000000a0000000, 0x00000000b1880000, 0x00000000e0000000)
  object space 287232K, 40% used [0x00000000a0000000,0x00000000a7182d80,0x00000000b1880000)
 Metaspace       used 70867K, capacity 73906K, committed 73944K, reserved 1114112K
  class space    used 9588K, capacity 10227K, committed 10240K, reserved 1048576K
Event: 12.443 GC heap after
Heap after GC invocations=23 (full 3):
 PSYoungGen      total 306688K, used 25106K [0x00000000e0000000, 0x00000000f5480000, 0x0000000100000000)
  eden space 264704K, 0% used [0x00000000e0000000,0x00000000e0000000,0x00000000f0280000)
  from space 41984K, 59% used [0x00000000f2b80000,0x00000000f4404848,0x00000000f5480000)
  to   space 41984K, 0% used [0x00000000f0280000,0x00000000f0280000,0x00000000f2b80000)
 ParOldGen       total 287232K, used 119411K [0x00000000a0000000, 0x00000000b1880000, 0x00000000e0000000)
  object space 287232K, 41% used [0x00000000a0000000,0x00000000a749cdb0,0x00000000b1880000)
 Metaspace       used 70867K, capacity 73906K, committed 73944K, reserved 1114112K
  class space    used 9588K, capacity 10227K, committed 10240K, reserved 1048576K
}
Event: 12.691 GC heap before
{Heap before GC invocations=24 (full 3):
 PSYoungGen      total 306688K, used 289810K [0x00000000e0000000, 0x00000000f5480000, 0x0000000100000000)
  eden space 264704K, 100% used [0x00000000e0000000,0x00000000f0280000,0x00000000f0280000)
  from space 41984K, 59% used [0x00000000f2b80000,0x00000000f4404848,0x00000000f5480000)
  to   space 41984K, 0% used [0x00000000f0280000,0x00000000f0280000,0x00000000f2b80000)
 ParOldGen       total 287232K, used 119411K [0x00000000a0000000, 0x00000000b1880000, 0x00000000e0000000)
  object space 287232K, 41% used [0x00000000a0000000,0x00000000a749cdb0,0x00000000b1880000)
 Metaspace       used 70921K, capacity 74048K, committed 74200K, reserved 1114112K
  class space    used 9589K, capacity 10228K, committed 10240K, reserved 1048576K
Event: 12.704 GC heap after
Heap after GC invocations=24 (full 3):
 PSYoungGen      total 306688K, used 25477K [0x00000000e0000000, 0x00000000f5480000, 0x0000000100000000)
  eden space 264704K, 0% used [0x00000000e0000000,0x00000000e0000000,0x00000000f0280000)
  from space 41984K, 60% used [0x00000000f0280000,0x00000000f1b617b8,0x00000000f2b80000)
  to   space 41984K, 0% used [0x00000000f2b80000,0x00000000f2b80000,0x00000000f5480000)
 ParOldGen       total 287232K, used 121925K [0x00000000a0000000, 0x00000000b1880000, 0x00000000e0000000)
  object space 287232K, 42% used [0x00000000a0000000,0x00000000a77116b8,0x00000000b1880000)
 Metaspace       used 70921K, capacity 74048K, committed 74200K, reserved 1114112K
  class space    used 9589K, capacity 10228K, committed 10240K, reserved 1048576K
}
Event: 12.977 GC heap before
{Heap before GC invocations=25 (full 3):
 PSYoungGen      total 306688K, used 290181K [0x00000000e0000000, 0x00000000f5480000, 0x0000000100000000)
  eden space 264704K, 100% used [0x00000000e0000000,0x00000000f0280000,0x00000000f0280000)
  from space 41984K, 60% used [0x00000000f0280000,0x00000000f1b617b8,0x00000000f2b80000)
  to   space 41984K, 0% used [0x00000000f2b80000,0x00000000f2b80000,0x00000000f5480000)
 ParOldGen       total 287232K, used 121925K [0x00000000a0000000, 0x00000000b1880000, 0x00000000e0000000)
  object space 287232K, 42% used [0x00000000a0000000,0x00000000a77116b8,0x00000000b1880000)
 Metaspace       used 70980K, capacity 74120K, committed 74200K, reserved 1114112K
  class space    used 9589K, capacity 10228K, committed 10240K, reserved 1048576K
Event: 13.007 GC heap after
Heap after GC invocations=25 (full 3):
 PSYoungGen      total 306688K, used 25074K [0x00000000e0000000, 0x00000000f5480000, 0x0000000100000000)
  eden space 264704K, 0% used [0x00000000e0000000,0x00000000e0000000,0x00000000f0280000)
  from space 41984K, 59% used [0x00000000f2b80000,0x00000000f43fc820,0x00000000f5480000)
  to   space 41984K, 0% used [0x00000000f0280000,0x00000000f0280000,0x00000000f2b80000)
 ParOldGen       total 287232K, used 125063K [0x00000000a0000000, 0x00000000b1880000, 0x00000000e0000000)
  object space 287232K, 43% used [0x00000000a0000000,0x00000000a7a21e28,0x00000000b1880000)
 Metaspace       used 70980K, capacity 74120K, committed 74200K, reserved 1114112K
  class space    used 9589K, capacity 10228K, committed 10240K, reserved 1048576K
}
Event: 13.329 GC heap before
{Heap before GC invocations=26 (full 3):
 PSYoungGen      total 306688K, used 289778K [0x00000000e0000000, 0x00000000f5480000, 0x0000000100000000)
  eden space 264704K, 100% used [0x00000000e0000000,0x00000000f0280000,0x00000000f0280000)
  from space 41984K, 59% used [0x00000000f2b80000,0x00000000f43fc820,0x00000000f5480000)
  to   space 41984K, 0% used [0x00000000f0280000,0x00000000f0280000,0x00000000f2b80000)
 ParOldGen       total 287232K, used 125063K [0x00000000a0000000, 0x00000000b1880000, 0x00000000e0000000)
  object space 287232K, 43% used [0x00000000a0000000,0x00000000a7a21e28,0x00000000b1880000)
 Metaspace       used 71253K, capacity 74356K, committed 74456K, reserved 1114112K
  class space    used 9590K, capacity 10230K, committed 10240K, reserved 1048576K
Event: 13.354 GC heap after
Heap after GC invocations=26 (full 3):
 PSYoungGen      total 306688K, used 16804K [0x00000000e0000000, 0x00000000f5480000, 0x0000000100000000)
  eden space 264704K, 0% used [0x00000000e0000000,0x00000000e0000000,0x00000000f0280000)
  from space 41984K, 40% used [0x00000000f0280000,0x00000000f12e9288,0x00000000f2b80000)
  to   space 41984K, 0% used [0x00000000f2b80000,0x00000000f2b80000,0x00000000f5480000)
 ParOldGen       total 287232K, used 136451K [0x00000000a0000000, 0x00000000b1880000, 0x00000000e0000000)
  object space 287232K, 47% used [0x00000000a0000000,0x00000000a8540e38,0x00000000b1880000)
 Metaspace       used 71253K, capacity 74356K, committed 74456K, reserved 1114112K
  class space    used 9590K, capacity 10230K, committed 10240K, reserved 1048576K
}
Event: 13.617 GC heap before
{Heap before GC invocations=27 (full 3):
 PSYoungGen      total 306688K, used 281508K [0x00000000e0000000, 0x00000000f5480000, 0x0000000100000000)
  eden space 264704K, 100% used [0x00000000e0000000,0x00000000f0280000,0x00000000f0280000)
  from space 41984K, 40% used [0x00000000f0280000,0x00000000f12e9288,0x00000000f2b80000)
  to   space 41984K, 0% used [0x00000000f2b80000,0x00000000f2b80000,0x00000000f5480000)
 ParOldGen       total 287232K, used 136451K [0x00000000a0000000, 0x00000000b1880000, 0x00000000e0000000)
  object space 287232K, 47% used [0x00000000a0000000,0x00000000a8540e38,0x00000000b1880000)
 Metaspace       used 71316K, capacity 74430K, committed 74456K, reserved 1114112K
  class space    used 9591K, capacity 10231K, committed 10240K, reserved 1048576K
Event: 13.635 GC heap after
Heap after GC invocations=27 (full 3):
 PSYoungGen      total 306688K, used 14547K [0x00000000e0000000, 0x00000000f5480000, 0x0000000100000000)
  eden space 264704K, 0% used [0x00000000e0000000,0x00000000e0000000,0x00000000f0280000)
  from space 41984K, 34% used [0x00000000f2b80000,0x00000000f39b4ec0,0x00000000f5480000)
  to   space 41984K, 0% used [0x00000000f0280000,0x00000000f0280000,0x00000000f2b80000)
 ParOldGen       total 287232K, used 144564K [0x00000000a0000000, 0x00000000b1880000, 0x00000000e0000000)
  object space 287232K, 50% used [0x00000000a0000000,0x00000000a8d2d0e8,0x00000000b1880000)
 Metaspace       used 71316K, capacity 74430K, committed 74456K, reserved 1114112K
  class space    used 9591K, capacity 10231K, committed 10240K, reserved 1048576K
}

