# JRE version: OpenJDK Runtime Environment (8.0_212-b04) (build 1.8.0_212-release-1586-b04)
# Java VM: OpenJDK 64-Bit Server VM (25.212-b04 mixed mode windows-amd64 compressed oops)
Heap:
 PSYoungGen      total 421888K, used 206332K [0x00000000e0000000, 0x00000000fc480000, 0x0000000100000000)
  eden space 383488K, 44% used [0x00000000e0000000,0x00000000ea520368,0x00000000f7680000)
  from space 38400K, 96% used [0x00000000f7680000,0x00000000f9adefb8,0x00000000f9c00000)
  to   space 35840K, 0% used [0x00000000f9c00000,0x00000000f9c00000,0x00000000fbf00000)
 ParOldGen       total 244736K, used 77482K [0x00000000a0000000, 0x00000000aef00000, 0x00000000e0000000)
  object space 244736K, 31% used [0x00000000a0000000,0x00000000a4baa950,0x00000000aef00000)
 Metaspace       used 69550K, capacity 72230K, committed 72448K, reserved 1112064K
  class space    used 9389K, capacity 9961K, committed 9984K, reserved 1048576K
GC Heap History (10 events):
Event: 10.434 GC heap before
{Heap before GC invocations=14 (full 3):
 PSYoungGen      total 276480K, used 276075K [0x00000000e0000000, 0x00000000f3580000, 0x0000000100000000)
  eden space 257536K, 100% used [0x00000000e0000000,0x00000000efb80000,0x00000000efb80000)
  from space 18944K, 97% used [0x00000000f2300000,0x00000000f351ada0,0x00000000f3580000)
  to   space 23552K, 0% used [0x00000000f0780000,0x00000000f0780000,0x00000000f1e80000)
 ParOldGen       total 244736K, used 30738K [0x00000000a0000000, 0x00000000aef00000, 0x00000000e0000000)
  object space 244736K, 12% used [0x00000000a0000000,0x00000000a1e04a88,0x00000000aef00000)
 Metaspace       used 68674K, capacity 71280K, committed 71424K, reserved 1110016K
  class space    used 9333K, capacity 9908K, committed 9984K, reserved 1048576K
Event: 10.469 GC heap after
Heap after GC invocations=14 (full 3):
 PSYoungGen      total 293376K, used 23524K [0x00000000e0000000, 0x00000000f7f80000, 0x0000000100000000)
  eden space 269824K, 0% used [0x00000000e0000000,0x00000000e0000000,0x00000000f0780000)
  from space 23552K, 99% used [0x00000000f0780000,0x00000000f1e791d8,0x00000000f1e80000)
  to   space 37888K, 0% used [0x00000000f5a80000,0x00000000f5a80000,0x00000000f7f80000)
 ParOldGen       total 244736K, used 62025K [0x00000000a0000000, 0x00000000aef00000, 0x00000000e0000000)
  object space 244736K, 25% used [0x00000000a0000000,0x00000000a3c927b0,0x00000000aef00000)
 Metaspace       used 68674K, capacity 71280K, committed 71424K, reserved 1110016K
  class space    used 9333K, capacity 9908K, committed 9984K, reserved 1048576K
}
Event: 11.659 GC heap before
{Heap before GC invocations=15 (full 3):
 PSYoungGen      total 293376K, used 293348K [0x00000000e0000000, 0x00000000f7f80000, 0x0000000100000000)
  eden space 269824K, 100% used [0x00000000e0000000,0x00000000f0780000,0x00000000f0780000)
  from space 23552K, 99% used [0x00000000f0780000,0x00000000f1e791d8,0x00000000f1e80000)
  to   space 37888K, 0% used [0x00000000f5a80000,0x00000000f5a80000,0x00000000f7f80000)
 ParOldGen       total 244736K, used 62025K [0x00000000a0000000, 0x00000000aef00000, 0x00000000e0000000)
  object space 244736K, 25% used [0x00000000a0000000,0x00000000a3c927b0,0x00000000aef00000)
 Metaspace       used 69287K, capacity 71918K, committed 72192K, reserved 1112064K
  class space    used 9364K, capacity 9953K, committed 9984K, reserved 1048576K
Event: 11.681 GC heap after
Heap after GC invocations=15 (full 3):
 PSYoungGen      total 356352K, used 13692K [0x00000000e0000000, 0x00000000f8a80000, 0x0000000100000000)
  eden space 318464K, 0% used [0x00000000e0000000,0x00000000e0000000,0x00000000f3700000)
  from space 37888K, 36% used [0x00000000f5a80000,0x00000000f67df018,0x00000000f7f80000)
  to   space 36352K, 0% used [0x00000000f3700000,0x00000000f3700000,0x00000000f5a80000)
 ParOldGen       total 244736K, used 77458K [0x00000000a0000000, 0x00000000aef00000, 0x00000000e0000000)
  object space 244736K, 31% used [0x00000000a0000000,0x00000000a4ba4950,0x00000000aef00000)
 Metaspace       used 69287K, capacity 71918K, committed 72192K, reserved 1112064K
  class space    used 9364K, capacity 9953K, committed 9984K, reserved 1048576K
}
Event: 12.980 GC heap before
{Heap before GC invocations=16 (full 3):
 PSYoungGen      total 356352K, used 332156K [0x00000000e0000000, 0x00000000f8a80000, 0x0000000100000000)
  eden space 318464K, 100% used [0x00000000e0000000,0x00000000f3700000,0x00000000f3700000)
  from space 37888K, 36% used [0x00000000f5a80000,0x00000000f67df018,0x00000000f7f80000)
  to   space 36352K, 0% used [0x00000000f3700000,0x00000000f3700000,0x00000000f5a80000)
 ParOldGen       total 244736K, used 77458K [0x00000000a0000000, 0x00000000aef00000, 0x00000000e0000000)
  object space 244736K, 31% used [0x00000000a0000000,0x00000000a4ba4950,0x00000000aef00000)
 Metaspace       used 69362K, capacity 71992K, committed 72192K, reserved 1112064K
  class space    used 9364K, capacity 9954K, committed 9984K, reserved 1048576K
Event: 12.995 GC heap after
Heap after GC invocations=16 (full 3):
 PSYoungGen      total 354816K, used 21195K [0x00000000e0000000, 0x00000000fbf00000, 0x0000000100000000)
  eden space 318464K, 0% used [0x00000000e0000000,0x00000000e0000000,0x00000000f3700000)
  from space 36352K, 58% used [0x00000000f3700000,0x00000000f4bb2f78,0x00000000f5a80000)
  to   space 35840K, 0% used [0x00000000f9c00000,0x00000000f9c00000,0x00000000fbf00000)
 ParOldGen       total 244736K, used 77466K [0x00000000a0000000, 0x00000000aef00000, 0x00000000e0000000)
  object space 244736K, 31% used [0x00000000a0000000,0x00000000a4ba6950,0x00000000aef00000)
 Metaspace       used 69362K, capacity 71992K, committed 72192K, reserved 1112064K
  class space    used 9364K, capacity 9954K, committed 9984K, reserved 1048576K
}
Event: 14.182 GC heap before
{Heap before GC invocations=17 (full 3):
 PSYoungGen      total 354816K, used 339659K [0x00000000e0000000, 0x00000000fbf00000, 0x0000000100000000)
  eden space 318464K, 100% used [0x00000000e0000000,0x00000000f3700000,0x00000000f3700000)
  from space 36352K, 58% used [0x00000000f3700000,0x00000000f4bb2f78,0x00000000f5a80000)
  to   space 35840K, 0% used [0x00000000f9c00000,0x00000000f9c00000,0x00000000fbf00000)
 ParOldGen       total 244736K, used 77466K [0x00000000a0000000, 0x00000000aef00000, 0x00000000e0000000)
  object space 244736K, 31% used [0x00000000a0000000,0x00000000a4ba6950,0x00000000aef00000)
 Metaspace       used 69396K, capacity 72064K, committed 72192K, reserved 1112064K
  class space    used 9365K, capacity 9954K, committed 9984K, reserved 1048576K
Event: 14.205 GC heap after
Heap after GC invocations=17 (full 3):
 PSYoungGen      total 419328K, used 28317K [0x00000000e0000000, 0x00000000fc480000, 0x0000000100000000)
  eden space 383488K, 0% used [0x00000000e0000000,0x00000000e0000000,0x00000000f7680000)
  from space 35840K, 79% used [0x00000000f9c00000,0x00000000fb7a7500,0x00000000fbf00000)
  to   space 38400K, 0% used [0x00000000f7680000,0x00000000f7680000,0x00000000f9c00000)
 ParOldGen       total 244736K, used 77474K [0x00000000a0000000, 0x00000000aef00000, 0x00000000e0000000)
  object space 244736K, 31% used [0x00000000a0000000,0x00000000a4ba8950,0x00000000aef00000)
 Metaspace       used 69396K, capacity 72064K, committed 72192K, reserved 1112064K
  class space    used 9365K, capacity 9954K, committed 9984K, reserved 1048576K
}
Event: 15.518 GC heap before
{Heap before GC invocations=18 (full 3):
 PSYoungGen      total 419328K, used 411805K [0x00000000e0000000, 0x00000000fc480000, 0x0000000100000000)
  eden space 383488K, 100% used [0x00000000e0000000,0x00000000f7680000,0x00000000f7680000)
  from space 35840K, 79% used [0x00000000f9c00000,0x00000000fb7a7500,0x00000000fbf00000)
  to   space 38400K, 0% used [0x00000000f7680000,0x00000000f7680000,0x00000000f9c00000)
 ParOldGen       total 244736K, used 77474K [0x00000000a0000000, 0x00000000aef00000, 0x00000000e0000000)
  object space 244736K, 31% used [0x00000000a0000000,0x00000000a4ba8950,0x00000000aef00000)
 Metaspace       used 69544K, capacity 72230K, committed 72448K, reserved 1112064K
  class space    used 9389K, capacity 9961K, committed 9984K, reserved 1048576K
Event: 15.540 GC heap after
Heap after GC invocations=18 (full 3):
 PSYoungGen      total 421888K, used 37243K [0x00000000e0000000, 0x00000000fc480000, 0x0000000100000000)
  eden space 383488K, 0% used [0x00000000e0000000,0x00000000e0000000,0x00000000f7680000)
  from space 38400K, 96% used [0x00000000f7680000,0x00000000f9adefb8,0x00000000f9c00000)
  to   space 35840K, 0% used [0x00000000f9c00000,0x00000000f9c00000,0x00000000fbf00000)
 ParOldGen       total 244736K, used 77482K [0x00000000a0000000, 0x00000000aef00000, 0x00000000e0000000)
  object space 244736K, 31% used [0x00000000a0000000,0x00000000a4baa950,0x00000000aef00000)
 Metaspace       used 69544K, capacity 72230K, committed 72448K, reserved 1112064K
  class space    used 9389K, capacity 9961K, committed 9984K, reserved 1048576K
}

