# JRE version: OpenJDK Runtime Environment (8.0_212-b04) (build 1.8.0_212-release-1586-b04)
# Java VM: OpenJDK 64-Bit Server VM (25.212-b04 mixed mode windows-amd64 compressed oops)
Heap:
 PSYoungGen      total 479232K, used 277792K [0x00000000e0000000, 0x0000000100000000, 0x0000000100000000)
  eden space 434176K, 53% used [0x00000000e0000000,0x00000000ee34e0a0,0x00000000fa800000)
  from space 45056K, 99% used [0x00000000fa800000,0x00000000fd3fa110,0x00000000fd400000)
  to   space 45056K, 0% used [0x00000000fd400000,0x00000000fd400000,0x0000000100000000)
 ParOldGen       total 236544K, used 176071K [0x00000000a0000000, 0x00000000ae700000, 0x00000000e0000000)
  object space 236544K, 74% used [0x00000000a0000000,0x00000000aabf1cb0,0x00000000ae700000)
 Metaspace       used 79462K, capacity 83450K, committed 83544K, reserved 1122304K
  class space    used 10379K, capacity 11131K, committed 11136K, reserved 1048576K
GC Heap History (10 events):
Event: 55.867 GC heap before
{Heap before GC invocations=18 (full 3):
 PSYoungGen      total 393728K, used 382875K [0x00000000e0000000, 0x00000000fb780000, 0x0000000100000000)
  eden space 358400K, 100% used [0x00000000e0000000,0x00000000f5e00000,0x00000000f5e00000)
  from space 35328K, 69% used [0x00000000f8180000,0x00000000f9966d38,0x00000000fa400000)
  to   space 36352K, 0% used [0x00000000f5e00000,0x00000000f5e00000,0x00000000f8180000)
 ParOldGen       total 236544K, used 73446K [0x00000000a0000000, 0x00000000ae700000, 0x00000000e0000000)
  object space 236544K, 31% used [0x00000000a0000000,0x00000000a47b9860,0x00000000ae700000)
 Metaspace       used 77808K, capacity 81566K, committed 81880K, reserved 1120256K
  class space    used 10173K, capacity 10891K, committed 11008K, reserved 1048576K
Event: 55.884 GC heap after
Heap after GC invocations=18 (full 3):
 PSYoungGen      total 394752K, used 23722K [0x00000000e0000000, 0x00000000fee80000, 0x0000000100000000)
  eden space 358400K, 0% used [0x00000000e0000000,0x00000000e0000000,0x00000000f5e00000)
  from space 36352K, 65% used [0x00000000f5e00000,0x00000000f752a910,0x00000000f8180000)
  to   space 36864K, 0% used [0x00000000fca80000,0x00000000fca80000,0x00000000fee80000)
 ParOldGen       total 236544K, used 73454K [0x00000000a0000000, 0x00000000ae700000, 0x00000000e0000000)
  object space 236544K, 31% used [0x00000000a0000000,0x00000000a47bb860,0x00000000ae700000)
 Metaspace       used 77808K, capacity 81566K, committed 81880K, reserved 1120256K
  class space    used 10173K, capacity 10891K, committed 11008K, reserved 1048576K
}
Event: 57.269 GC heap before
{Heap before GC invocations=19 (full 3):
 PSYoungGen      total 394752K, used 382122K [0x00000000e0000000, 0x00000000fee80000, 0x0000000100000000)
  eden space 358400K, 100% used [0x00000000e0000000,0x00000000f5e00000,0x00000000f5e00000)
  from space 36352K, 65% used [0x00000000f5e00000,0x00000000f752a910,0x00000000f8180000)
  to   space 36864K, 0% used [0x00000000fca80000,0x00000000fca80000,0x00000000fee80000)
 ParOldGen       total 236544K, used 73454K [0x00000000a0000000, 0x00000000ae700000, 0x00000000e0000000)
  object space 236544K, 31% used [0x00000000a0000000,0x00000000a47bb860,0x00000000ae700000)
 Metaspace       used 77861K, capacity 81636K, committed 81880K, reserved 1120256K
  class space    used 10174K, capacity 10892K, committed 11008K, reserved 1048576K
Event: 57.284 GC heap after
Heap after GC invocations=19 (full 3):
 PSYoungGen      total 464384K, used 27310K [0x00000000e0000000, 0x00000000fed00000, 0x0000000100000000)
  eden space 429056K, 0% used [0x00000000e0000000,0x00000000e0000000,0x00000000fa300000)
  from space 35328K, 77% used [0x00000000fca80000,0x00000000fe52ba40,0x00000000fed00000)
  to   space 37888K, 0% used [0x00000000fa300000,0x00000000fa300000,0x00000000fc800000)
 ParOldGen       total 236544K, used 73462K [0x00000000a0000000, 0x00000000ae700000, 0x00000000e0000000)
  object space 236544K, 31% used [0x00000000a0000000,0x00000000a47bd860,0x00000000ae700000)
 Metaspace       used 77861K, capacity 81636K, committed 81880K, reserved 1120256K
  class space    used 10174K, capacity 10892K, committed 11008K, reserved 1048576K
}
Event: 58.951 GC heap before
{Heap before GC invocations=20 (full 3):
 PSYoungGen      total 464384K, used 456366K [0x00000000e0000000, 0x00000000fed00000, 0x0000000100000000)
  eden space 429056K, 100% used [0x00000000e0000000,0x00000000fa300000,0x00000000fa300000)
  from space 35328K, 77% used [0x00000000fca80000,0x00000000fe52ba40,0x00000000fed00000)
  to   space 37888K, 0% used [0x00000000fa300000,0x00000000fa300000,0x00000000fc800000)
 ParOldGen       total 236544K, used 73462K [0x00000000a0000000, 0x00000000ae700000, 0x00000000e0000000)
  object space 236544K, 31% used [0x00000000a0000000,0x00000000a47bd860,0x00000000ae700000)
 Metaspace       used 77899K, capacity 81670K, committed 81880K, reserved 1120256K
  class space    used 10177K, capacity 10897K, committed 11008K, reserved 1048576K
Event: 58.973 GC heap after
Heap after GC invocations=20 (full 3):
 PSYoungGen      total 466944K, used 31514K [0x00000000e0000000, 0x0000000100000000, 0x0000000100000000)
  eden space 429056K, 0% used [0x00000000e0000000,0x00000000e0000000,0x00000000fa300000)
  from space 37888K, 83% used [0x00000000fa300000,0x00000000fc1c6820,0x00000000fc800000)
  to   space 40448K, 0% used [0x00000000fd880000,0x00000000fd880000,0x0000000100000000)
 ParOldGen       total 236544K, used 73470K [0x00000000a0000000, 0x00000000ae700000, 0x00000000e0000000)
  object space 236544K, 31% used [0x00000000a0000000,0x00000000a47bf860,0x00000000ae700000)
 Metaspace       used 77899K, capacity 81670K, committed 81880K, reserved 1120256K
  class space    used 10177K, capacity 10897K, committed 11008K, reserved 1048576K
}
Event: 60.523 GC heap before
{Heap before GC invocations=21 (full 3):
 PSYoungGen      total 466944K, used 460570K [0x00000000e0000000, 0x0000000100000000, 0x0000000100000000)
  eden space 429056K, 100% used [0x00000000e0000000,0x00000000fa300000,0x00000000fa300000)
  from space 37888K, 83% used [0x00000000fa300000,0x00000000fc1c6820,0x00000000fc800000)
  to   space 40448K, 0% used [0x00000000fd880000,0x00000000fd880000,0x0000000100000000)
 ParOldGen       total 236544K, used 73470K [0x00000000a0000000, 0x00000000ae700000, 0x00000000e0000000)
  object space 236544K, 31% used [0x00000000a0000000,0x00000000a47bf860,0x00000000ae700000)
 Metaspace       used 77999K, capacity 81746K, committed 81880K, reserved 1120256K
  class space    used 10191K, capacity 10899K, committed 11008K, reserved 1048576K
Event: 60.545 GC heap after
Heap after GC invocations=21 (full 3):
 PSYoungGen      total 474624K, used 37623K [0x00000000e0000000, 0x0000000100000000, 0x0000000100000000)
  eden space 434176K, 0% used [0x00000000e0000000,0x00000000e0000000,0x00000000fa800000)
  from space 40448K, 93% used [0x00000000fd880000,0x00000000ffd3dc80,0x0000000100000000)
  to   space 45056K, 0% used [0x00000000fa800000,0x00000000fa800000,0x00000000fd400000)
 ParOldGen       total 236544K, used 73478K [0x00000000a0000000, 0x00000000ae700000, 0x00000000e0000000)
  object space 236544K, 31% used [0x00000000a0000000,0x00000000a47c1860,0x00000000ae700000)
 Metaspace       used 77999K, capacity 81746K, committed 81880K, reserved 1120256K
  class space    used 10191K, capacity 10899K, committed 11008K, reserved 1048576K
}
Event: 62.776 GC heap before
{Heap before GC invocations=22 (full 3):
 PSYoungGen      total 474624K, used 471413K [0x00000000e0000000, 0x0000000100000000, 0x0000000100000000)
  eden space 434176K, 99% used [0x00000000e0000000,0x00000000fa79f790,0x00000000fa800000)
  from space 40448K, 93% used [0x00000000fd880000,0x00000000ffd3dc80,0x0000000100000000)
  to   space 45056K, 0% used [0x00000000fa800000,0x00000000fa800000,0x00000000fd400000)
 ParOldGen       total 236544K, used 73478K [0x00000000a0000000, 0x00000000ae700000, 0x00000000e0000000)
  object space 236544K, 31% used [0x00000000a0000000,0x00000000a47c1860,0x00000000ae700000)
 Metaspace       used 78195K, capacity 81968K, committed 82136K, reserved 1120256K
  class space    used 10197K, capacity 10902K, committed 11008K, reserved 1048576K
Event: 62.898 GC heap after
Heap after GC invocations=22 (full 3):
 PSYoungGen      total 479232K, used 45032K [0x00000000e0000000, 0x0000000100000000, 0x0000000100000000)
  eden space 434176K, 0% used [0x00000000e0000000,0x00000000e0000000,0x00000000fa800000)
  from space 45056K, 99% used [0x00000000fa800000,0x00000000fd3fa110,0x00000000fd400000)
  to   space 45056K, 0% used [0x00000000fd400000,0x00000000fd400000,0x0000000100000000)
 ParOldGen       total 236544K, used 176071K [0x00000000a0000000, 0x00000000ae700000, 0x00000000e0000000)
  object space 236544K, 74% used [0x00000000a0000000,0x00000000aabf1cb0,0x00000000ae700000)
 Metaspace       used 78195K, capacity 81968K, committed 82136K, reserved 1120256K
  class space    used 10197K, capacity 10902K, committed 11008K, reserved 1048576K
}

